The Docker Engine you're using is running in swarm mode.

Compose does not use swarm mode to deploy services to multiple nodes in a swarm. All containers will be scheduled on the current node.

To deploy your application across the swarm, use `docker stack deploy`.

Building app
Step 1/11 : ARG FEATURES=default
Step 2/11 : FROM rust:1.62
 ---> d36e2662aef6
Step 3/11 : EXPOSE 8080
 ---> Using cache
 ---> 173b17ec433e
Step 4/11 : RUN apt update; apt install npm -y
 ---> Using cache
 ---> 808926241bbf
Step 5/11 : WORKDIR /usr/src/friendly-football-bets
 ---> Using cache
 ---> 1b6355893884
Step 6/11 : COPY ./ .
 ---> e9c1db7b9569
Step 7/11 : RUN cargo install --path ffb_cli/
 ---> Running in 9b8848512353
[91m  Installing ffb_cli v0.1.0 (/usr/src/friendly-football-bets/ffb_cli)
[0m[91m    Updating crates.io index
[0m[91m Downloading crates ...
[0m[91m  Downloaded clap_derive v3.2.7
[0m[91m  Downloaded crc v3.0.0
[0m[91m  Downloaded darling_macro v0.13.4
[0m[91m  Downloaded ahash v0.7.6
[0m[91m  Downloaded cssparser-macros v0.6.0
[0m[91m  Downloaded crc-catalog v2.1.0
[0m[91m  Downloaded autocfg v1.1.0
[0m[91m  Downloaded crypto-common v0.1.5
[0m[91m  Downloaded scopeguard v1.1.0
[0m[91m  Downloaded chrono v0.4.19
[0m[91m  Downloaded der v0.5.1
[0m[91m  Downloaded ego-tree v0.6.2
[0m[91m  Downloaded serde_urlencoded v0.7.1
[0m[91m  Downloaded sqlx-macros v0.6.0
[0m[91m  Downloaded smallvec v1.9.0
[0m[91m  Downloaded hyper v0.14.20
[0m[91m  Downloaded base64 v0.11.0
[0m[91m  Downloaded atoi v1.0.0
[0m[91m  Downloaded serde_json v1.0.82
[0m[91m  Downloaded dyn-clone v1.0.6
[0m[91m  Downloaded html5ever v0.26.0
[0m[91m  Downloaded clap v3.2.8
[0m[91m  Downloaded pkcs8 v0.8.0
[0m[91m  Downloaded phf_macros v0.8.0
[0m[91m  Downloaded num-bigint-dig v0.8.1
[0m[91m  Downloaded redis v0.21.5
[0m[91m  Downloaded servo_arc v0.1.1
[0m[91m  Downloaded elasticsearch v7.14.0-alpha.1
[0m[91m  Downloaded futures-core v0.3.21
[0m[91m  Downloaded const-oid v0.7.1
[0m[91m  Downloaded http-body v0.4.5
[0m[91m  Downloaded ident_case v1.0.1
[0m[91m  Downloaded hyper-tls v0.5.0
[0m[91m  Downloaded itoa v1.0.2
[0m[91m  Downloaded instant v0.1.12
[0m[91m  Downloaded hex v0.4.3
[0m[91m  Downloaded sqlx-rt v0.6.0
[0m[91m  Downloaded sqlx-core v0.6.0
[0m[91m  Downloaded match_cfg v0.1.0
[0m[91m  Downloaded mac v0.1.1
[0m[91m  Downloaded matches v0.1.9
[0m[91m  Downloaded void v1.0.2
[0m[91m  Downloaded parking v2.0.0
[0m[91m  Downloaded async-channel v1.6.1
[0m[91m  Downloaded ctor v0.1.22
[0m[91m  Downloaded utf-8 v0.7.6
[0m[91m  Downloaded enum-as-inner v0.4.0
[0m[91m  Downloaded block-buffer v0.10.2
[0m[91m  Downloaded new_debug_unreachable v1.0.4
[0m[91m  Downloaded cfg-if v1.0.0
[0m[91m  Downloaded cache-padded v1.2.0
[0m[91m  Downloaded convert_case v0.4.0
[0m[91m  Downloaded atomic-waker v1.0.0
[0m[91m  Downloaded phf_codegen v0.10.0
[0m[91m  Downloaded itoa v0.4.8
[0m[91m  Downloaded md-5 v0.10.1
[0m[91m  Downloaded form_urlencoded v1.0.1
[0m[91m  Downloaded fxhash v0.2.1
[0m[91m  Downloaded cpufeatures v0.2.2
[0m[91m  Downloaded adler v1.0.2
[0m[91m  Downloaded precomputed-hash v0.1.1
[0m[91m  Downloaded foreign-types-shared v0.1.1
[0m[91m  Downloaded phf_generator v0.10.0
[0m[91m  Downloaded tower-service v0.3.2
[0m[91m  Downloaded rustc_version_runtime v0.2.1
[0m[91m  Downloaded phf_shared v0.8.0
[0m[91m  Downloaded crypto-bigint v0.3.2
[0m[91m  Downloaded hashlink v0.8.0
[0m[91m  Downloaded rustls-pemfile v0.3.0
[0m[91m  Downloaded rustc_version v0.4.0
[0m[91m  Downloaded humantime v2.1.0
[0m[91m  Downloaded getrandom v0.1.16
[0m[91m  Downloaded futures-lite v1.12.0
[0m[91m  Downloaded serde_bytes v0.11.6
[0m[91m  Downloaded semver-parser v0.7.0
[0m[91m  Downloaded kv-log-macro v1.0.7
[0m[91m  Downloaded sha1 v0.6.1
[0m[91m  Downloaded sha1_smol v1.0.0
[0m[91m  Downloaded sha-1 v0.10.0
[0m[91m  Downloaded strsim v0.10.0
[0m[91m  Downloaded futures-util v0.3.21
[0m[91m  Downloaded subtle v2.4.1
[0m[91m  Downloaded linked-hash-map v0.5.6
[0m[91m  Downloaded parking_lot_core v0.9.3
[0m[91m  Downloaded string_cache v0.8.4
[0m[91m  Downloaded time v0.1.44
[0m[91m  Downloaded thiserror-impl v1.0.31
[0m[91m  Downloaded version_check v0.9.4
[0m[91m  Downloaded uuid v0.8.2
[0m[91m  Downloaded data-encoding v2.3.2
[0m[91m  Downloaded darling_core v0.13.4
[0m[91m  Downloaded getopts v0.2.21
[0m[91m  Downloaded derivative v2.2.0
[0m[91m  Downloaded bytes v1.1.0
[0m[91m  Downloaded dtoa-short v0.3.3
[0m[91m  Downloaded syn v1.0.98
[0m[91m  Downloaded generic-array v0.14.5
[0m[91m  Downloaded phf_codegen v0.8.0
[0m[91m  Downloaded async-lock v2.5.0
[0m[91m  Downloaded getrandom v0.2.7
[0m[91m  Downloaded crossbeam-queue v0.3.5
[0m[91m  Downloaded crossbeam-utils v0.8.10
[0m[91m  Downloaded libm v0.2.2
[0m[91m  Downloaded async-std v1.12.0
[0m[91m  Downloaded os_info v3.4.0
[0m[91m  Downloaded rand v0.8.5
[0m[91m  Downloaded paste v1.0.7
[0m[91m  Downloaded ppv-lite86 v0.2.16
[0m[91m  Downloaded parking_lot_core v0.8.5
[0m[91m  Downloaded num-traits v0.2.15
[0m[91m  Downloaded pkg-config v0.3.25
[0m[91m  Downloaded markup5ever v0.11.0
[0m[91m  Downloaded idna v0.2.3
[0m[91m  Downloaded flate2 v1.0.24
[0m[91m  Downloaded quote v1.0.20
[0m[91m  Downloaded proc-macro-error v1.0.4
[0m[91m  Downloaded tracing v0.1.35
[0m[91m  Downloaded semver v1.0.12
[0m[91m  Downloaded tokio-macros v1.8.0
[0m[91m  Downloaded pbkdf2 v0.10.1
[0m[91m  Downloaded reqwest v0.11.11
[0m[91m  Downloaded serde v1.0.139
[0m[91m  Downloaded serde_derive v1.0.139
[0m[91m  Downloaded sqlformat v0.1.8
[0m[91m  Downloaded unicode-ident v1.0.1
[0m[91m  Downloaded typenum v1.15.0
[0m[91m  Downloaded ipnet v2.5.0
[0m[91m  Downloaded slab v0.4.6
[0m[91m  Downloaded sha2 v0.10.2
[0m[91m  Downloaded serde_with_macros v1.5.2
[0m[91m  Downloaded regex v1.6.0
[0m[91m  Downloaded time-macros v0.2.4
[0m[91m  Downloaded tinyvec v1.6.0
[0m[91m  Downloaded time v0.3.11
[0m[91m  Downloaded typed-builder v0.10.0
[0m[91m  Downloaded unicode-normalization v0.1.21
[0m[91m  Downloaded selectors v0.22.0
[0m[91m  Downloaded try-lock v0.2.3
[0m[91m  Downloaded thin-slice v0.1.1
[0m[91m  Downloaded tendril v0.4.3
[0m[91m  Downloaded stringprep v0.1.2
[0m[91m  Downloaded siphasher v0.3.10
[0m[91m  Downloaded parking_lot v0.11.2
[0m[91m  Downloaded futures-macro v0.3.21
[0m[91m  Downloaded futures-task v0.3.21
[0m[91m  Downloaded atty v0.2.14
[0m[91m  Downloaded mime v0.3.16
[0m[91m  Downloaded num-bigint v0.4.3
[0m[91m  Downloaded scraper v0.13.0
[0m[91m  Downloaded rustc_version v0.2.3
[0m[91m  Downloaded rsa v0.6.1
[0m[91m  Downloaded webpki-roots v0.22.4
[0m[91m  Downloaded unicode-segmentation v1.9.0
[0m[91m  Downloaded tracing-core v0.1.28
[0m[91m  Downloaded unicode-width v0.1.9
[0m[91m  Downloaded trust-dns-resolver v0.21.2
[0m[91m  Downloaded zeroize v1.5.6
[0m[91m  Downloaded foreign-types v0.3.2
[0m[91m  Downloaded base64 v0.13.0
[0m[91m  Downloaded url v2.2.2
[0m[91m  Downloaded proc-macro-error-attr v1.0.4
[0m[91m  Downloaded phf v0.10.1
[0m[91m  Downloaded unicode_categories v0.1.1
[0m[91m  Downloaded http v0.2.8
[0m[91m  Downloaded want v0.3.0
[0m[91m  Downloaded tokio-native-tls v0.3.0
[0m[91m  Downloaded waker-fn v1.1.0
[0m[91m  Downloaded untrusted v0.7.1
[0m[91m  Downloaded tokio-util v0.7.3
[0m[91m  Downloaded webpki v0.22.0
[0m[91m  Downloaded trust-dns-proto v0.21.2
[0m[91m  Downloaded tokio v1.19.2
[0m[91m  Downloaded encoding_rs v0.8.31
[0m[91m  Downloaded libc v0.2.126
[0m[91m  Downloaded tokio-rustls v0.23.4
[0m[91m  Downloaded rand_chacha v0.2.2
[0m[91m  Downloaded openssl-probe v0.1.5
[0m[91m  Downloaded openssl-macros v0.1.0
[0m[91m  Downloaded httparse v1.7.1
[0m[91m  Downloaded string_cache_codegen v0.5.2
[0m[91m  Downloaded [0m[91mquick-error v1.2.3
[0m[91m  Downloaded num_cpus v1.13.1
[0m[91m  Downloaded hostname v0.3.1
[0m[91m  Downloaded spki v0.5.4
[0m[91m  Downloaded proc-macro-hack v0.5.19
[0m[91m  Downloaded memchr v2.5.0
[0m[91m  Downloaded pin-utils v0.1.0
[0m[91m  Downloaded value-bag v1.0.0-alpha.9
[0m[91m  Downloaded textwrap v0.15.0
[0m[91m  Downloaded hmac v0.12.1
[0m[91m  Downloaded tinyvec_macros v0.1.0
[0m[91m  Downloaded signal-hook v0.3.14
[0m[91m  Downloaded take_mut v0.2.2
[0m[91m  Downloaded spin v0.5.2
[0m[91m  Downloaded httpdate v1.0.2
[0m[91m  Downloaded futures-sink v0.3.21
[0m[91m  Downloaded fnv v1.0.7
[0m[91m  Downloaded fastrand v1.7.0
[0m[91m  Downloaded phf_shared v0.10.0
[0m[91m  Downloaded rand_core v0.5.1
[0m[91m  Downloaded pkcs1 v0.3.3
[0m[91m  Downloaded rand_pcg v0.2.1
[0m[91m  Downloaded pem-rfc7468 v0.3.1
[0m[91m  Downloaded rustls v0.20.6
[0m[91m  Downloaded phf_generator v0.8.0
[0m[91m  Downloaded cssparser v0.27.2
[0m[91m  Downloaded socket2 v0.4.4
[0m[91m  Downloaded ring v0.16.20
[0m[91m  Downloaded signal-hook-registry v1.4.0
[0m[91m  Downloaded serde_with v1.14.0
[0m[91m  Downloaded percent-encoding v2.1.0
[0m[91m  Downloaded mongodb v2.2.2
[0m[91m [0m[91m Downloaded futures-channel v0.3.21
[0m[91m  Downloaded nom v7.1.1
[0m[91m  Downloaded semver v0.9.0
[0m[91m  Downloaded num-integer v0.1.45
[0m[91m  Downloaded sct v0.7.0
[0m[91m  Downloaded ryu v1.0.10
[0m[91m  Downloaded regex-syntax v0.6.27
[0m[91m  Downloaded futures v0.3.21
[0m[91m  Downloaded lock_api v0.4.7
[0m[91m  Downloaded futures-io v0.3.21
[0m[91m  Downloaded termcolor v1.1.3
[0m[91m  Downloaded futures-intrusive v0.4.0
[0m[91m  Downloaded rand v0.7.3
[0m[91m  Downloaded polling v2.2.0
[0m[91m  Downloaded heck v0.4.0
[0m[91m  Downloaded rand_core v0.6.3
[0m[91m  Downloaded rand_chacha v0.3.1
[0m[91m  Downloaded pin-project-lite v0.2.9
[0m[91m  Downloaded event-listener v2.5.2
[0m[91m  Downloaded openssl v0.10.41
[0m[91m  Downloaded futf v0.1.5
[0m[91m  Downloaded clap_lex v0.2.4
[0m[91m  Downloaded openssl-sys v0.9.75
[0m[91m  Downloaded combine v4.6.4
[0m[91m  Downloaded parking_lot v0.12.1
[0m[91m  Downloaded os_str_bytes v6.1.0
[0m[91m  Downloaded minimal-lexical v0.2.1
[0m[91m  Downloaded indexmap v1.9.1
[0m[91m  Downloaded mio v0.8.4
[0m[91m  Downloaded base64ct v1.5.1
[0m[91m  Downloaded async-task v4.3.0
[0m[91m  Downloaded async-global-executor v2.2.0
[0m[91m  Downloaded async-compression v0.3.14
[0m[91m  Downloaded phf v0.8.0
[0m[91m  Downloaded num-iter v0.1.43
[0m[91m  Downloaded h2 v0.3.13
[0m[91m  Downloaded crc32fast v1.3.2
[0m[91m  Downloaded either v1.7.0
[0m[91m  Downloaded nodrop v0.1.14
[0m[91m  Downloaded concurrent-queue v1.2.2
[0m[91m  Downloaded dotenv v0.15.0
[0m[91m  Downloaded cc v1.0.73
[0m[91m  Downloaded byteorder v1.4.3
[0m[91m  Downloaded bson v2.3.0
[0m[91m  Downloaded dtoa v0.4.8
[0m[91m  Downloaded darling v0.13.4
[0m[91m  Downloaded blocking v1.2.0
[0m[91m  Downloaded bitflags v1.3.2
[0m[91m  Downloaded async-trait v0.1.56
[0m[91m  Downloaded async-executor v1.4.1
[0m[91m  Downloaded async-process v1.4.0
[0m[91m  Downloaded async-native-tls v0.4.0
[0m[91m  Downloaded async-io v1.7.0
[0m[91m  Downloaded aho-corasick v0.7.18
[0m[91m  Downloaded unicode-bidi v0.3.8
[0m[91m  Downloaded thiserror v1.0.31
[0m[91m  Downloaded native-tls v0.2.10
[0m[91m  Downloaded proc-macro2 v1.0.40
[0m[91m  Downloaded sqlx v0.6.0
[0m[91m  Downloaded resolv-conf v0.7.0
[0m[91m  Downloaded once_cell v1.13.0
[0m[91m  Downloaded miniz_oxide v0.5.3
[0m[91m  Downloaded hashbrown v0.12.2
[0m[91m  Downloaded stable_deref_trait v1.2.0
[0m[91m  Downloaded log v0.4.17
[0m[91m  Downloaded itertools v0.10.3
[0m[91m  Downloaded futures-executor v0.3.21
[0m[91m  Downloaded env_logger v0.9.0
[0m[91m  Downloaded derive_more v0.99.17
[0m[91m  Downloaded digest v0.10.3
[0m[91m  Downloaded num_threads v0.1.6
[0m[91m  Downloaded lru-cache v0.1.2
[0m[91m  Downloaded lazy_static v1.4.0
[0m[91m   Compiling libc v0.2.126
[0m[91m   Compiling version_check v0.9.4
[0m[91m   Compiling proc-macro2 v1.0.40
[0m[91m   Compiling unicode-ident v1.0.1
[0m[91m   Compiling quote v1.0.20
[0m[91m   Compiling syn v1.0.98
[0m[91m   [0m[91mCompiling autocfg v1.1.0
[0m[91m   Compiling cfg-if v1.0.0
[0m[91m   Compiling memchr v2.5.0
[0m[91m   Compiling log v0.4.17
[0m[91m   Compiling futures-core v0.3.21
[0m[91m   Compiling once_cell v1.13.0
[0m[91m   Compiling typenum v1.15.0
[0m[91m   Compiling cc v1.0.73
[0m[91m   Compiling parking_lot_core v0.9.3
[0m[91m   Compiling smallvec v1.9.0
[0m[91m   Compiling pin-project-lite v0.2.9
[0m[91m   Compiling scopeguard v1.1.0
[0m[91m   Compiling ppv-lite86 v0.2.16
[0m[91m   Compiling pkg-config v0.3.25
[0m[91m   Compiling libm v0.2.2
[0m[91m   Compiling futures-channel v0.3.21
[0m[91m   Compiling futures-task v0.3.21
[0m[91m   Compiling futures-util v0.3.21
[0m[91m   Compiling bytes v1.1.0
[0m[91m   Compiling futures-io v0.3.21
[0m[91m   Compiling slab v0.4.6
[0m[91m   Compiling openssl v0.10.41
[0m[91m   Compiling futures-sink v0.3.21
[0m[91m   Compiling spin v0.5.2
[0m[91m   Compiling siphasher v0.3.10
[0m[91m   Compiling matches v0.1.9
[0m[91m   Compiling serde_derive v1.0.139
[0m[91m   Compiling native-tls v0.2.10
[0m[91m   Compiling serde v1.0.139
[0m[91m   Compiling pin-utils v0.1.0
[0m[91m   Compiling tinyvec_macros v0.1.0
[0m[91m   Compiling subtle v2.4.1
[0m[91m   Compiling signal-hook v0.3.14
[0m[91m   Compiling itoa v1.0.2
[0m[91m   Compiling getrandom v0.1.16
[0m[91m   Compiling crossbeam-utils v0.8.10
[0m[91m   Compiling bitflags v1.3.2
[0m[91m   Compiling percent-encoding v2.1.0
[0m[91m   Compiling unicode-bidi v0.3.8
[0m[91m   Compiling parking_lot_core v0.8[0m[91m.5
[0m[91m   Compiling cache-padded v1.2.0
[0m[91m   Compiling parking v2.0.0
[0m[91m   Compiling waker-fn v1.1.0
[0m[91m   Compiling foreign-types-shared v0.1.1
[0m[91m   Compiling fastrand v1.7.0
[0m[91m   Compiling num-bigint-dig v0.8.1
[0m[91m   Compiling event-listener v2.5.2
[0m[91m   Compiling base64ct v1.5.1
[0m[91m   Compiling semver-parser v0.7.0
[0m[91m   Compiling openssl-probe v0.1.5
[0m[91m   Compiling unicode-segmentation v1.9.0
[0m[91m   Compiling crossbeam-queue v0.3.5
[0m[91m   Compiling async-task v4.3.0
[0m[91m   Compiling const-oid v0.7.1
[0m[91m   Compiling strsim v0.10.0
[0m[91m   Compiling ident_case v1.0.1
[0m[91m   Compiling fnv v1.0.7
[0m[91m   Compiling atomic-waker v1.0.0
[0m[91m   Compiling untrusted v0.7.1
[0m[91m   Compiling zeroize v1.5.6
[0m[91m   Compiling byteorder v1.4.3
[0m[91m   Compiling serde_json v1.0.82
[0m[91m   Compiling httparse v1.7.1
[0m[91m   Compiling ryu v1.0.10
[0m[91m   Compiling crc32fast v1.3.2
[0m[91m   Compiling proc-macro-hack v0.5.19
[0m[91m   Compiling async-trait v0.1.56
[0m[91m   Compiling base64 v0.13.0
[0m[91m   Compiling ipnet v2.5.0
[0m[91m   Compiling either v1.7.0
[0m[91m   Compiling minimal-lexical v0.2.1
[0m[91m   Compiling cpufeatures v0.2.2
[0m[91m   Compiling dtoa v0.4.8
[0m[91m   Compiling try-lock v0.2.3
[0m[91m   Compiling [0m[91mnew_debug_unreachable v1.0.4
[0m[91m   Compiling adler v1.0.2
[0m[91m   Compiling unicode_categories v0.1.1
[0m[91m   Compiling match_cfg v0.1.0
[0m[91m [0m[91m [0m[91m [0m[91mCompiling[0m[91m [0m[91mrustls[0m[91m v[0m[91m0[0m[91m.[0m[91m20[0m[91m.[0m[91m6[0m[91m
[0m[91m [0m[91m [0m[91m [0m[91mCompiling[0m[91m [0m[91mmac[0m[91m v[0m[91m0[0m[91m.[0m[91m1[0m[91m.[0m[91m1[0m[91m
[0m[91m [0m[91m [0m[91m [0m[91mCompiling[0m[91m [0m[91mencoding_rs[0m[91m v[0m[91m0[0m[91m.[0m[91m8[0m[91m.[0m[91m31[0m[91m
[0m[91m [0m[91m [0m[91m [0m[91mCompiling[0m[91m [0m[91mhttpdate[0m[91m v[0m[91m1[0m[91m.[0m[91m0[0m[91m.[0m[91m2[0m[91m
[0m[91m [0m[91m [0m[91m [0m[91mCompiling[0m[91m [0m[91mcrc-catalog[0m[91m v[0m[91m2[0m[91m.[0m[91m1[0m[91m.[0m[91m0[0m[91m
[0m[91m [0m[91m [0m[91m [0m[91mCompiling[0m[91m [0m[91mhex[0m[91m v[0m[91m0[0m[91m.[0m[91m4[0m[91m.[0m[91m3[0m[91m
[0m[91m [0m[91m  Compiling[0m[91m [0m[91mpaste[0m[91m v[0m[91m1[0m[91m.0[0m[91m.[0m[91m7
[0m[91m   Compiling [0m[91mtower-service[0m[91m v[0m[91m0.3[0m[91m.[0m[91m2
[0m[91m [0m[91m  Compiling[0m[91m [0m[91mprecomputed-hash[0m[91m v0.[0m[91m1[0m[91m.1[0m[91m
[0m[91m   Compiling itoa v0[0m[91m.[0m[91m4[0m[91m.8[0m[91m
[0m[91m [0m[91m  Compiling[0m[91m [0m[91mlinked-hash-map[0m[91m v0.[0m[91m5[0m[91m.6
[0m[91m [0m[91m  Compiling[0m[91m [0m[91mnum_threads[0m[91m v0.[0m[91m1[0m[91m.6[0m[91m
[0m[91m [0m[91m  Compiling convert_case v0.4.0
[0m[91m   Compiling quick-error v1.2.3
[0m[91m   Compiling data-encoding v2.3.2
[0m[91m   Compiling time-macros v0.2.4
[0m[91m   Compiling utf-8 v0.7.6
[0m[91m   Compiling mime v0.3.16
[0m[91m   Compiling sha1_smol v1.0.0
[0m[91m   Compiling nodrop v0.1.14
[0m[91m   Compiling dotenv v0.15.0
[0m[91m   Compiling regex-syntax v0.6.27
[0m[91m   Compiling stable_deref_trait v1.2.0
[0m[91m   Compiling thin-slice v0.1.1
[0m[91m   Compiling dyn-clone v1.0.6
[0m[91m   Compiling unicode-width v0.1.9
[0m[91m   Compiling take_mut v0.2.2
[0m[91m   Compiling void v1.0.2
[0m[91m   Compiling termcolor v1.1.3
[0m[91m   Compiling os_str_bytes v6.1.0
[0m[91m   Compiling base64 v0.11.0
[0m[91m   Compiling textwrap v0.15.0
[0m[91m [0m[91m  Compiling[0m[91m [0m[91mhumantime v[0m[91m2[0m[91m.1[0m[91m.[0m[91m0
[0m[91m   Compiling ego-tree[0m[91m v0.6.2[0m[91m
[0m[91m   Compiling value-bag[0m[91m v1.0.0[0m[91m-alpha.9
[0m[91m   Compiling [0m[91mgeneric-array v0.14.5[0m[91m
[0m[91m   Compiling[0m[91m ahash v0.[0m[91m7.[0m[91m6[0m[91m
[0m[91m   [0m[91mCompiling proc-macro-error-attr v1.[0m[91m0.[0m[91m4[0m[91m
[0m[91m   Compiling proc-macro-error v1.[0m[91m0.4
[0m[91m   [0m[91mCompiling instant v[0m[91m0[0m[91m.[0m[91m1.[0m[91m12[0m[91m
[0m[91m   [0m[91mCompiling lock_api v[0m[91m0[0m[91m.[0m[91m4.[0m[91m7[0m[91m
[0m[91m  [0m[91m [0m[91mCompiling[0m[91m [0m[91mnum-traits[0m[91m v[0m[91m0[0m[91m.[0m[91m2[0m[91m.[0m[91m15[0m[91m
[0m[91m   [0m[91mCompiling num-integer v[0m[91m0.[0m[91m1[0m[91m.45[0m[91m
[0m[91m   Compiling[0m[91m indexmap v1.9[0m[91m.1[0m[91m
[0m[91m   [0m[91mCompiling num-iter v[0m[91m0.[0m[91m1[0m[91m.43[0m[91m
[0m[91m   [0m[91mCompiling num-bigint v[0m[91m0.[0m[91m4.[0m[91m3[0m[91m
[0m[91m   [0m[91mCompiling tracing-core v[0m[91m0[0m[91m.[0m[91m1.[0m[91m28
[0m[91m  [0m[91m [0m[91mCompiling[0m[91m ring[0m[91m v[0m[91m0.16[0m[91m.[0m[91m20
[0m[91m [0m[91m  Compiling openssl-sys[0m[91m v0[0m[91m.9.75
[0m[91m   Compiling[0m[91m [0m[91mlazy_static[0m[91m v1.[0m[91m4[0m[91m.0
[0m[91m [0m[91m  Compiling [0m[91mphf_shared[0m[91m v0.[0m[91m8[0m[91m.0[0m[91m
[0m[91m [0m[91m  Compiling [0m[91mphf_shared[0m[91m v0[0m[91m.[0m[91m10.[0m[91m0[0m[91m
[0m[91m [0m[91m  Compiling tinyvec[0m[91m v[0m[91m1[0m[91m.[0m[91m6[0m[91m.0
[0m[91m   Compiling form_urlencoded[0m[91m v[0m[91m1[0m[91m.0[0m[91m.[0m[91m1
[0m[91m   Compiling concurrent-queue[0m[91m v[0m[91m1[0m[91m.2.2[0m[91m
[0m[91m   Compiling [0m[91mforeign-types v0.3[0m[91m.2[0m[91m
[0m[91m   Compiling[0m[91m async-lock v2.[0m[91m5[0m[91m.0[0m[91m
[0m[91m   Compiling[0m[91m pem-rfc7468 v0.[0m[91m3.[0m[91m1
[0m[91m   Compiling[0m[91m semver v0.[0m[91m9.[0m[91m0
[0m[91m [0m[91m [0m[91m [0m[91mCompiling[0m[91m [0m[91mheck[0m[91m v[0m[91m0[0m[91m.[0m[91m4[0m[91m.[0m[91m0[0m[91m
[0m[91m [0m[91m [0m[91m [0m[91mCompiling[0m[91m [0m[91mhttp[0m[91m v[0m[91m0[0m[91m.[0m[91m2[0m[91m.[0m[91m8[0m[91m
[0m[91m   Compiling fxhash v0.2.1
[0m[91m   Compiling rustls-pemfile v0.3.0
[0m[91m   Compiling itertools v0.10.3
[0m[91m   Compiling dtoa-short v0.3.3
[0m[91m   Compiling miniz_oxide v0.5.3
[0m[91m   Compiling futf v0.1.5
[0m[91m   Compiling crc v3.0.0
[0m[91m   Compiling lru-cache v0.1.2
[0m[91m   Compiling sha1 v0.6.1
[0m[91m   Compiling servo_arc v0.1.1
[0m[91m   Compiling getopts v0.2.21
[0m[91m   Compiling clap_lex v0.2.4
[0m[91m [0m[91m [0m[91m [0m[91mCompiling[0m[91m [0m[91mtracing[0m[91m v[0m[91m0[0m[91m.[0m[91m1[0m[91m.[0m[91m35[0m[91m
[0m[91m [0m[91m [0m[91m [0m[91mCompiling[0m[91m [0m[91municode-normalization[0m[91m v[0m[91m0[0m[91m.[0m[91m1[0m[91m.[0m[91m21[0m[91m
[0m[91m [0m[91m [0m[91m [0m[91mCompiling[0m[91m [0m[91mphf[0m[91m v[0m[91m0[0m[91m.[0m[91m10[0m[91m.[0m[91m1[0m[91m
[0m[91m [0m[91m [0m[91m [0m[91mCompiling[0m[91m [0m[91mrustc_version[0m[91m v[0m[91m0[0m[91m.[0m[91m2[0m[91m.[0m[91m3[0m[91m
[0m[91m [0m[91m  Compiling[0m[91m [0m[91mhttp-body v[0m[91m0[0m[91m.4[0m[91m.[0m[91m5[0m[91m
[0m[91m [0m[91m [0m[91m [0m[91mCompiling[0m[91m [0m[91mtendril[0m[91m v[0m[91m0[0m[91m.[0m[91m4[0m[91m.[0m[91m3[0m[91m
[0m[91m [0m[91m [0m[91m [0m[91mCompiling[0m[91m [0m[91mgetrandom[0m[91m v[0m[91m0[0m[91m.[0m[91m2[0m[91m.[0m[91m7[0m[91m
[0m[91m [0m[91m [0m[91m [0m[91mCompiling[0m[91m [0m[91msocket2[0m[91m v[0m[91m0[0m[91m.[0m[91m4[0m[91m.[0m[91m4[0m[91m
[0m[91m [0m[91m [0m[91m [0m[91mCompiling[0m[91m [0m[91msignal-hook-registry[0m[91m v[0m[91m1[0m[91m.[0m[91m4[0m[91m.[0m[91m0[0m[91m
[0m[91m [0m[91m  Compiling [0m[91mnum_cpus[0m[91m v[0m[91m1.[0m[91m13[0m[91m.[0m[91m1[0m[91m
[0m[91m   Compiling [0m[91mhostname v0.3.[0m[91m1
[0m[91m   Compiling[0m[91m time v0.1[0m[91m.44[0m[91m
[0m[91m   Compiling time v0.3.11
[0m[91m   Compiling[0m[91m atty v0.2[0m[91m.14[0m[91m
[0m[91m   Compiling nom[0m[91m v7.1.1
[0m[91m   Compiling aho-corasick v[0m[91m0.7.18[0m[91m
[0m[91m   Compiling combine v[0m[91m4[0m[91m.[0m[91m6.[0m[91m4[0m[91m
[0m[91m   Compiling futures-lite v[0m[91m1.12.0
[0m[91m   Compiling async-channel[0m[91m v1.6.[0m[91m1
[0m[91m   Compiling idna v0.2.3
[0m[91m   Compiling stringprep v0.[0m[91m1.2
[0m[91m   Compiling rustc_version_runtime v0.2.1
[0m[91m   Compiling elasticsearch v7.14.0-alpha.1
[0m[91m   Compiling flate2 v1.0.24
[0m[91m   Compiling rand_core v0.6.3
[0m[91m   Compiling resolv-conf v0.7.0
[0m[91m   Compiling rand_core v0.5.1
[0m[91m   Compiling parking_lot v0.12.1
[0m[91m   Compiling parking_lot v0.11.2
[0m[91m   Compiling regex v1.6.0
[0m[91m   Compiling sqlformat v0.1.8
[0m[91m   Compiling async-executor v1.4.1
[0m[91m   Compiling blocking v1.2.0
[0m[91m   Compiling crypto-common v0.1.5
[0m[91m   Compiling block-buffer v0.10.2
[0m[91m   Compiling crypto-bigint v0.3.2
[0m[91m   Compiling atoi v1.0.0
[0m[91m   Compiling url v2.2.2
[0m[91m   Compiling webpki v0.22.0
[0m[91m   Compiling sct v0.7.0
[0m[91m   Compiling hashbrown v0.12.2
[0m[91m   Compiling rand_chacha v0.3.1
[0m[91m   Compiling rand_pcg v0.2.1
[0m[91m   Compiling rand_chacha v0.2.2
[0m[91m   Compiling futures-intrusive v0.4.0
[0m[91m   Compiling [0m[91mdarling_core v0.13.4
[0m[91m   Compiling ctor v0.1.22
[0m[91m   Compiling tokio-macros v1.8.0
[0m[91m   Compiling futures-macro v0.3.21
[0m[91m   Compiling openssl-macros v0.1.0
[0m[91m   Compiling thiserror-impl v1.0.31
[0m[91m   Compiling cssparser v0.27.2
[0m[91m   Compiling enum-as-inner v0.4.0
[0m[91m   Compiling derive_more v0.99.17
[0m[91m   Compiling cssparser-macros v0.6.0
[0m[91m   Compiling html5ever v0.26.0
[0m[91m   Compiling derivative v2.2.0
[0m[91m   Compiling typed-builder v0.10.0
[0m[91m   Compiling digest v0.[0m[91m10.3
[0m[91m   Compiling der v0.5.1
[0m[91m   Compiling webpki-roots v0.22.4
[0m[91m [0m[91m  Compiling hashlink v0.8.0
[0m[91m   Compiling rand v0.8.5
[0m[91m   Compiling rand v0.7.3
[0m[91m   Compiling clap_derive v3.2.7
[0m[91m   Compiling darling_macro v0.13.4
[0m[91m   Compiling thiserror v1.0.31
[0m[91m   Compiling redis v0.21.5
[0m[91m   Compiling sha2 v0.10.2
[0m[91m   Compiling sha-1 v0.10.0
[0m[91m   Compiling md-5 v0.10.1
[0m[91m   Compiling pbkdf2 v0.10.1
[0m[91m   Compiling hmac v0.12.1
[0m[91m   Compiling spki v0.5.4
[0m[91m   Compiling phf_generator v0.10.0
[0m[91m   Compiling phf_generator v0.8.0
[0m[91m   Compiling darling v0.13.4
[0m[91m   Compiling clap v3.2.8
[0m[91m [0m[91m [0m[91m [0m[91mCompiling[0m[91m [0m[91mfutures-executor[0m[91m v[0m[91m0[0m[91m.[0m[91m3[0m[91m.[0m[91m21[0m[91m
[0m[91m [0m[91m [0m[91m [0m[91mCompiling[0m[91m [0m[91mserde_urlencoded[0m[91m v[0m[91m0[0m[91m.[0m[91m7[0m[91m.[0m[91m1[0m[91m
[0m[91m [0m[91m [0m[91m [0m[91mCompiling[0m[91m [0m[91mserde_bytes[0m[91m v[0m[91m0[0m[91m.[0m[91m11[0m[91m.[0m[91m6[0m[91m
[0m[91m [0m[91m [0m[91m [0m[91mCompiling[0m[91m [0m[91mstring_cache[0m[91m v[0m[91m0[0m[91m.[0m[91m8[0m[91m.[0m[91m4[0m[91m
[0m[91m [0m[91m [0m[91m [0m[91mCompiling[0m[91m [0m[91muuid[0m[91m v[0m[91m0[0m[91m.[0m[91m8[0m[91m.[0m[91m2[0m[91m
[0m[91m [0m[91m [0m[91m [0m[91mCompiling[0m[91m [0m[91mchrono[0m[91m v[0m[91m0[0m[91m.[0m[91m4[0m[91m.[0m[91m19[0m[91m
[0m[91m [0m[91m [0m[91m [0m[91mCompiling[0m[91m [0m[91mpkcs8[0m[91m v[0m[91m0[0m[91m.[0m[91m8[0m[91m.[0m[91m0[0m[91m
[0m[91m [0m[91m [0m[91m [0m[91mCompiling[0m[91m [0m[91mstring_cache_codegen[0m[91m v[0m[91m0[0m[91m.[0m[91m5[0m[91m.[0m[91m2[0m[91m
[0m[91m [0m[91m [0m[91m [0m[91mCompiling[0m[91m [0m[91mphf_codegen[0m[91m v[0m[91m0[0m[91m.[0m[91m10[0m[91m.[0m[91m0[0m[91m
[0m[91m [0m[91m [0m[91m [0m[91mCompiling[0m[91m [0m[91mphf_codegen[0m[91m v[0m[91m0[0m[91m.[0m[91m8[0m[91m.[0m[91m0[0m[91m
[0m[91m [0m[91m [0m[91m [0m[91mCompiling[0m[91m [0m[91mphf_macros[0m[91m v[0m[91m0[0m[91m.[0m[91m8[0m[91m.[0m[91m0[0m[91m
[0m[91m [0m[91m [0m[91m [0m[91mCompiling[0m[91m [0m[91mmio[0m[91m v[0m[91m0[0m[91m.[0m[91m8[0m[91m.[0m[91m4[0m[91m
[0m[91m [0m[91m [0m[91m [0m[91mCompiling[0m[91m [0m[91mpolling[0m[91m v[0m[91m2[0m[91m.[0m[91m2[0m[91m.[0m[91m0[0m[91m
[0m[91m [0m[91m [0m[91m [0m[91mCompiling[0m[91m [0m[91mwant[0m[91m v[0m[91m0[0m[91m.[0m[91m3[0m[91m.[0m[91m0[0m[91m
[0m[91m [0m[91m [0m[91m [0m[91mCompiling[0m[91m [0m[91mkv-log-macro[0m[91m v[0m[91m1[0m[91m.[0m[91m0[0m[91m.[0m[91m7[0m[91m
[0m[91m [0m[91m [0m[91m [0m[91mCompiling[0m[91m [0m[91mos_info[0m[91m v[0m[91m3[0m[91m.[0m[91m4[0m[91m.[0m[91m0[0m[91m
[0m[91m [0m[91m [0m[91m [0m[91mCompiling[0m[91m [0m[91menv_logger[0m[91m v[0m[91m0[0m[91m.[0m[91m9[0m[91m.[0m[91m0[0m[91m
[0m[91m [0m[91m [0m[91m [0m[91mCompiling[0m[91m [0m[91mserde_with_macros[0m[91m v[0m[91m1[0m[91m.[0m[91m5[0m[91m.[0m[91m2[0m[91m
[0m[91m [0m[91m  Compiling[0m[91m [0m[91mfutures[0m[91m v0[0m[91m.[0m[91m3[0m[91m.[0m[91m21[0m[91m
[0m[91m [0m[91m [0m[91m [0m[91mCompiling[0m[91m [0m[91mbson[0m[91m v[0m[91m2[0m[91m.[0m[91m3[0m[91m.[0m[91m0[0m[91m
[0m[91m [0m[91m [0m[91m [0m[91mCompiling[0m[91m [0m[91mpkcs1[0m[91m v[0m[91m0[0m[91m.[0m[91m3[0m[91m.[0m[91m3[0m[91m
[0m[91m [0m[91m [0m[91m [0m[91mCompiling[0m[91m [0m[91mmarkup5ever[0m[91m v[0m[91m0[0m[91m.[0m[91m11[0m[91m.[0m[91m0[0m[91m
[0m[91m [0m[91m [0m[91m [0m[91mCompiling[0m[91m [0m[91mselectors[0m[91m v[0m[91m0[0m[91m.[0m[91m22[0m[91m.[0m[91m0[0m[91m
[0m[91m [0m[91m [0m[91m [0m[91mCompiling[0m[91m [0m[91mphf[0m[91m v[0m[91m0[0m[91m.[0m[91m8[0m[91m.[0m[91m0[0m[91m
[0m[91m [0m[91m  [0m[91mCompiling[0m[91m tokio[0m[91m v[0m[91m1.[0m[91m19[0m[91m.2[0m[91m
[0m[91m [0m[91m [0m[91m Compiling [0m[91masync-native-tls v[0m[91m0[0m[91m.4[0m[91m.[0m[91m0
[0m[91m [0m[91m  Compiling[0m[91m [0m[91masync-io v[0m[91m1[0m[91m.7[0m[91m.[0m[91m0[0m[91m
[0m[91m [0m[91m  [0m[91mCompiling[0m[91m [0m[91mserde_with[0m[91m v[0m[91m1[0m[91m.[0m[91m14[0m[91m.[0m[91m0[0m[91m
[0m[91m [0m[91m [0m[91m [0m[91mCompiling[0m[91m [0m[91mrsa[0m[91m v[0m[91m0[0m[91m.[0m[91m6[0m[91m.[0m[91m1[0m[91m
[0m[91m [0m[91m [0m[91m [0m[91mCompiling[0m[91m [0m[91masync-process[0m[91m v[0m[91m1[0m[91m.[0m[91m4[0m[91m.[0m[91m0[0m[91m
[0m[91m [0m[91m [0m[91m [0m[91mCompiling[0m[91m [0m[91mtokio-util[0m[91m v[0m[91m0[0m[91m.[0m[91m7[0m[91m.[0m[91m3[0m[91m
[0m[91m [0m[91m [0m[91m [0m[91mCompiling[0m[91m [0m[91masync-global-executor[0m[91m v[0m[91m2[0m[91m.[0m[91m2[0m[91m.[0m[91m0[0m[91m
[0m[91m [0m[91m [0m[91m [0m[91mCompiling[0m[91m [0m[91mtokio-native-tls[0m[91m v[0m[91m0[0m[91m.[0m[91m3[0m[91m.[0m[91m0[0m[91m
[0m[91m [0m[91m [0m[91m [0m[91mCompiling[0m[91m [0m[91mtrust-dns-proto[0m[91m v[0m[91m0[0m[91m.[0m[91m21[0m[91m.[0m[91m2[0m[91m
[0m[91m [0m[91m [0m[91m [0m[91mCompiling[0m[91m [0m[91masync-compression[0m[91m v[0m[91m0[0m[91m.[0m[91m3[0m[91m.[0m[91m14[0m[91m
[0m[91m [0m[91m [0m[91m [0m[91mCompiling[0m[91m [0m[91mtokio-rustls[0m[91m v[0m[91m0[0m[91m.[0m[91m23[0m[91m.[0m[91m4[0m[91m
[0m[91m [0m[91m [0m[91m [0m[91mCompiling[0m[91m [0m[91masync-std[0m[91m v[0m[91m1[0m[91m.[0m[91m12[0m[91m.[0m[91m0[0m[91m
[0m[91m   Compiling[0m[91m [0m[91mh2 v[0m[91m0[0m[91m.[0m[91m3[0m[91m.[0m[91m13[0m[91m
[0m[91m   [0m[91mCompiling[0m[91m trust-dns-resolver[0m[91m v[0m[91m0.21.[0m[91m2[0m[91m
[0m[91m [0m[91m [0m[91m [0m[91mCompiling[0m[91m [0m[91msqlx-rt[0m[91m v[0m[91m0[0m[91m.[0m[91m6[0m[91m.[0m[91m0[0m[91m
[0m[91m [0m[91m [0m[91m [0m[91mCompiling[0m[91m [0m[91mhyper[0m[91m v[0m[91m0[0m[91m.[0m[91m14[0m[91m.[0m[91m20[0m[91m
[0m[91m [0m[91m  Compiling mongodb v2.2.2
[0m[91m [0m[91m [0m[91m [0m[91mCompiling[0m[91m [0m[91mscraper[0m[91m v[0m[91m0[0m[91m.[0m[91m13[0m[91m.[0m[91m0[0m[91m
[0m[91m   Compiling sqlx-core v0.6.0
[0m[91m   Compiling hyper-tls v0.5.0
[0m[91m   Compiling reqwest v0.11.11
[0m[91m [0m[91m [0m[91m [0m[91mCompiling[0m[91m [0m[91msqlx-macros[0m[91m v[0m[91m0[0m[91m.[0m[91m6[0m[91m.[0m[91m0[0m[91m
[0m[91m  [0m[91m Compiling sqlx[0m[91m v0[0m[91m.6[0m[91m.0[0m[91m
[0m[91m  [0m[91m Compiling ffb_structs[0m[91m v[0m[91m0[0m[91m.[0m[91m1[0m[91m.[0m[91m0[0m[91m ([0m[91m/usr/src/friendly-football-bets/ffb_structs[0m[91m)
[0m[91m [0m[91m [0m[91m [0m[91mCompiling[0m[91m [0m[91mffb_cli[0m[91m v[0m[91m0[0m[91m.[0m[91m1[0m[91m.[0m[91m0[0m[91m ([0m[91m/usr/src/friendly-football-bets/ffb_cli[0m[91m)[0m[91m
[0m[91m [0m[91m [0m[91m [0m[91m [0m[91mFinished[0m[91m [0m[91mrelease [optimized] target(s) in 9m 01s[0m[91m
[0m[91m [0m[91m [0m[91mInstalling[0m[91m [0m[91m/usr/local/cargo/bin/ffb_cli[0m[91m
[0m[91m  [0m[91m [0m[91mInstalled[0m[91m [0m[91mpackage `ffb_cli v0.1.0 (/usr/src/friendly-football-bets/ffb_cli)` (executable `ffb_cli`)
[0mRemoving intermediate container 9b8848512353
 ---> 09c3b08df83a
Step 8/11 : WORKDIR /usr/src/friendly-football-bets/ffb_server
 ---> Running in 1d099f3255d9
Removing intermediate container 1d099f3255d9
 ---> da393b7b265e
Step 9/11 : RUN bash install_styles.sh
 ---> Running in f397d3733cfe
[91mnpm [0m[91mWARN exec The following package was not found and will be installed: tailwindcss@3.1.4
[0m[91m
[0m[91mDone in 774ms.
[0mRemoving intermediate container f397d3733cfe
 ---> a0c459e736dc
Step 10/11 : RUN cargo b --release --features $FEATURES
 ---> Running in 204d36776c6b
[91merror: The argument '--features <FEATURES>' requires a value but none was supplied

USAGE:
    build [OPTIONS]

For more information try --help
[0mService 'app' failed to build : The command '/bin/sh -c cargo b --release --features $FEATURES' returned a non-zero code: 1
